2019-03-24 22:18:39,280 :: root :: INFO :: /usr/bin/time -v ./bin/project -m projectV4 -i /tmp/test.30m.txt -o /tmp/test.30m.sort.txt -k 1
2019-03-24 22:19:01,981 :: root :: INFO :: /usr/bin/time -v ./bin/project -m projectV4 -i /tmp/test.30m.txt -o /tmp/test.30m.sort.txt -k 2
2019-03-24 22:19:22,043 :: root :: INFO :: /usr/bin/time -v ./bin/project -m projectV4 -i /tmp/test.30m.txt -o /tmp/test.30m.sort.txt -k 3
2019-03-24 22:19:43,582 :: root :: INFO :: /usr/bin/time -v ./bin/project -m projectV4 -i /tmp/test.30m.txt -o /tmp/test.30m.sort.txt -k 4
2019-03-24 22:20:03,500 :: root :: INFO :: /usr/bin/time -v ./bin/project -m projectV4 -i /tmp/test.30m.txt -o /tmp/test.30m.sort.txt -k 5
2019-03-24 22:20:25,581 :: root :: INFO :: /usr/bin/time -v ./bin/project -m projectV4 -i /tmp/test.30m.txt -o /tmp/test.30m.sort.txt -k 6
2019-03-24 22:20:50,007 :: root :: INFO :: /usr/bin/time -v ./bin/project -m projectV4 -i /tmp/test.30m.txt -o /tmp/test.30m.sort.txt -k 7
2019-03-24 22:21:11,937 :: root :: INFO :: /usr/bin/time -v ./bin/project -m projectV4 -i /tmp/test.30m.txt -o /tmp/test.30m.sort.txt -k 8
2019-03-24 22:21:36,229 :: root :: INFO :: /usr/bin/time -v ./bin/project -m projectV4 -i /tmp/test.30m.txt -o /tmp/test.30m.sort.txt -k 9
2019-03-24 22:22:02,256 :: root :: INFO :: /usr/bin/time -v ./bin/project -m projectV4 -i /tmp/test.30m.txt -o /tmp/test.30m.sort.txt -k 10
2019-03-24 22:22:28,662 :: root :: INFO :: /usr/bin/time -v ./bin/project -m projectV4 -i /tmp/test.20m.txt -o /tmp/test.20m.sort.txt -k 1
2019-03-24 22:22:42,929 :: root :: INFO :: /usr/bin/time -v ./bin/project -m projectV4 -i /tmp/test.20m.txt -o /tmp/test.20m.sort.txt -k 2
2019-03-24 22:22:54,836 :: root :: INFO :: /usr/bin/time -v ./bin/project -m projectV4 -i /tmp/test.20m.txt -o /tmp/test.20m.sort.txt -k 3
2019-03-24 22:23:07,971 :: root :: INFO :: /usr/bin/time -v ./bin/project -m projectV4 -i /tmp/test.20m.txt -o /tmp/test.20m.sort.txt -k 4
2019-03-24 22:23:19,969 :: root :: INFO :: /usr/bin/time -v ./bin/project -m projectV4 -i /tmp/test.20m.txt -o /tmp/test.20m.sort.txt -k 5
2019-03-24 22:23:33,355 :: root :: INFO :: /usr/bin/time -v ./bin/project -m projectV4 -i /tmp/test.20m.txt -o /tmp/test.20m.sort.txt -k 6
2019-03-24 22:23:47,339 :: root :: INFO :: /usr/bin/time -v ./bin/project -m projectV4 -i /tmp/test.20m.txt -o /tmp/test.20m.sort.txt -k 7
2019-03-24 22:24:00,994 :: root :: INFO :: /usr/bin/time -v ./bin/project -m projectV4 -i /tmp/test.20m.txt -o /tmp/test.20m.sort.txt -k 8
2019-03-24 22:24:14,553 :: root :: INFO :: /usr/bin/time -v ./bin/project -m projectV4 -i /tmp/test.20m.txt -o /tmp/test.20m.sort.txt -k 9
2019-03-24 22:24:29,059 :: root :: INFO :: /usr/bin/time -v ./bin/project -m projectV4 -i /tmp/test.20m.txt -o /tmp/test.20m.sort.txt -k 10
2019-03-24 22:24:44,102 :: root :: INFO :: SortAlog set Insert in src/project_v4.c
2019-03-24 22:24:44,108 :: root :: DEBUG :: Compiling src/project_v6.o
2019-03-24 22:24:44,108 :: root :: DEBUG :: --------
2019-03-24 22:24:44,110 :: root :: DEBUG :: gcc -O0 -g -W -Wall -Wextra -Wconversion -Werror -mtune=native -pthread -march=native  -std=c99 -c src/project_v6.c -o src/project_v6.o
2019-03-24 22:24:44,793 :: root :: DEBUG :: Compiling src/project_v0.o
2019-03-24 22:24:44,795 :: root :: DEBUG :: --------
2019-03-24 22:24:44,795 :: root :: DEBUG :: gcc -O0 -g -W -Wall -Wextra -Wconversion -Werror -mtune=native -pthread -march=native  -std=c99 -c src/project_v0.c -o src/project_v0.o
2019-03-24 22:24:44,855 :: root :: DEBUG :: Compiling src/system_utils.o
2019-03-24 22:24:44,855 :: root :: DEBUG :: --------
2019-03-24 22:24:44,856 :: root :: DEBUG :: gcc -O0 -g -W -Wall -Wextra -Wconversion -Werror -mtune=native -pthread -march=native  -std=c99 -c src/system_utils.c -o src/system_utils.o
2019-03-24 22:24:44,926 :: root :: DEBUG :: Compiling src/project_v1.o
2019-03-24 22:24:44,926 :: root :: DEBUG :: --------
2019-03-24 22:24:44,927 :: root :: DEBUG :: gcc -O0 -g -W -Wall -Wextra -Wconversion -Werror -mtune=native -pthread -march=native  -std=c99 -c src/project_v1.c -o src/project_v1.o
2019-03-24 22:24:44,973 :: root :: DEBUG :: Compiling src/project_v5.o
2019-03-24 22:24:44,973 :: root :: DEBUG :: --------
2019-03-24 22:24:44,974 :: root :: DEBUG :: gcc -O0 -g -W -Wall -Wextra -Wconversion -Werror -mtune=native -pthread -march=native  -std=c99 -c src/project_v5.c -o src/project_v5.o
2019-03-24 22:24:45,092 :: root :: DEBUG :: Compiling src/project_v4.o
2019-03-24 22:24:45,092 :: root :: DEBUG :: --------
2019-03-24 22:24:45,094 :: root :: DEBUG :: gcc -O0 -g -W -Wall -Wextra -Wconversion -Werror -mtune=native -pthread -march=native  -std=c99 -c src/project_v4.c -o src/project_v4.o
2019-03-24 22:24:45,171 :: root :: DEBUG :: Compiling src/project_v2.o
2019-03-24 22:24:45,171 :: root :: DEBUG :: --------
2019-03-24 22:24:45,172 :: root :: DEBUG :: gcc -O0 -g -W -Wall -Wextra -Wconversion -Werror -mtune=native -pthread -march=native  -std=c99 -c src/project_v2.c -o src/project_v2.o
2019-03-24 22:24:45,217 :: root :: DEBUG :: gcc -O0 -g -W -Wall -Wextra -Wconversion -Werror -mtune=native -pthread -march=native  -std=c99   -c -o src/project.o src/project.c
2019-03-24 22:24:45,269 :: root :: DEBUG :: Compiling src/project_v3.o
2019-03-24 22:24:45,269 :: root :: DEBUG :: --------
2019-03-24 22:24:45,270 :: root :: DEBUG :: gcc -O0 -g -W -Wall -Wextra -Wconversion -Werror -mtune=native -pthread -march=native  -std=c99 -c src/project_v3.c -o src/project_v3.o
2019-03-24 22:24:45,322 :: root :: DEBUG :: Compiling src/fifo.o
2019-03-24 22:24:45,322 :: root :: DEBUG :: --------
2019-03-24 22:24:45,323 :: root :: DEBUG :: gcc -O0 -g -W -Wall -Wextra -Wconversion -Werror -mtune=native -pthread -march=native  -std=c99 -c src/fifo.c -o src/fifo.o
2019-03-24 22:24:45,349 :: root :: DEBUG :: gcc -O0 -g -W -Wall -Wextra -Wconversion -Werror -mtune=native -pthread -march=native  -std=c99   -c -o src/system_utils_etu.o src/system_utils_etu.c
2019-03-24 22:24:45,377 :: root :: DEBUG :: Compiling src/tree.o
2019-03-24 22:24:45,377 :: root :: DEBUG :: --------
2019-03-24 22:24:45,378 :: root :: DEBUG :: gcc -O0 -g -W -Wall -Wextra -Wconversion -Werror -mtune=native -pthread -march=native  -std=c99 -c src/tree.c -o src/tree.o
2019-03-24 22:24:45,404 :: root :: DEBUG :: Linking bytecode : bin/project
2019-03-24 22:24:45,404 :: root :: DEBUG :: ----------------
2019-03-24 22:24:45,405 :: root :: DEBUG :: gcc -o bin/project src/project_v6.o src/project_v0.o src/system_utils.o src/project_v1.o src/project_v5.o src/project_v4.o src/project_v2.o src/project.o src/project_v3.o src/fifo.o src/system_utils_etu.o src/tree.o -lm -W -Wall -pedantic -L. -lm -pthread
2019-03-24 22:24:45,434 :: root :: DEBUG :: Done
2019-03-24 22:24:45,434 :: root :: DEBUG :: rm src/project_v5.o src/system_utils.o src/tree.o src/project_v4.o src/project_v3.o src/system_utils_etu.o src/project.o src/project_v0.o src/project_v1.o src/project_v6.o src/fifo.o src/project_v2.o
2019-03-24 22:24:45,435 :: root :: INFO :: /usr/bin/time -v ./bin/project -m projectV4 -i /tmp/test.40m.txt -o /tmp/test.40m.sort.txt -k 1
2019-03-24 22:26:05,459 :: root :: ERROR :: Command '/usr/bin/time -v ./bin/project -m projectV4 -i /tmp/test.40m.txt -o /tmp/test.40m.sort.txt -k 1' timed out after 80 seconds
2019-03-24 22:26:05,459 :: root :: INFO :: ps -a -o pid,cmd | grep -P '([0-9]+) ./bin/project -m projectV.*' | awk '{print  $1}' | xargs -I{} kill -9 {}
2019-03-24 22:26:05,470 :: root :: INFO :: 0
2019-03-24 22:26:05,477 :: root :: INFO :: /usr/bin/time -v ./bin/project -m projectV4 -i /tmp/test.40m.txt -o /tmp/test.40m.sort.txt -k 2
2019-03-24 22:27:25,528 :: root :: ERROR :: Command '/usr/bin/time -v ./bin/project -m projectV4 -i /tmp/test.40m.txt -o /tmp/test.40m.sort.txt -k 2' timed out after 80 seconds
2019-03-24 22:27:25,528 :: root :: INFO :: ps -a -o pid,cmd | grep -P '([0-9]+) ./bin/project -m projectV.*' | awk '{print  $1}' | xargs -I{} kill -9 {}
2019-03-24 22:27:25,543 :: root :: INFO :: 0
2019-03-24 22:27:25,551 :: root :: INFO :: /usr/bin/time -v ./bin/project -m projectV4 -i /tmp/test.40m.txt -o /tmp/test.40m.sort.txt -k 3
2019-03-24 22:28:45,624 :: root :: ERROR :: Command '/usr/bin/time -v ./bin/project -m projectV4 -i /tmp/test.40m.txt -o /tmp/test.40m.sort.txt -k 3' timed out after 80 seconds
2019-03-24 22:28:45,624 :: root :: INFO :: ps -a -o pid,cmd | grep -P '([0-9]+) ./bin/project -m projectV.*' | awk '{print  $1}' | xargs -I{} kill -9 {}
2019-03-24 22:28:45,643 :: root :: INFO :: 0
2019-03-24 22:28:45,650 :: root :: INFO :: /usr/bin/time -v ./bin/project -m projectV4 -i /tmp/test.40m.txt -o /tmp/test.40m.sort.txt -k 4
2019-03-24 22:30:05,724 :: root :: ERROR :: Command '/usr/bin/time -v ./bin/project -m projectV4 -i /tmp/test.40m.txt -o /tmp/test.40m.sort.txt -k 4' timed out after 80 seconds
2019-03-24 22:30:05,724 :: root :: INFO :: ps -a -o pid,cmd | grep -P '([0-9]+) ./bin/project -m projectV.*' | awk '{print  $1}' | xargs -I{} kill -9 {}
2019-03-24 22:30:05,781 :: root :: INFO :: 0
2019-03-24 22:30:05,788 :: root :: INFO :: /usr/bin/time -v ./bin/project -m projectV4 -i /tmp/test.40m.txt -o /tmp/test.40m.sort.txt -k 5
2019-03-24 22:31:25,864 :: root :: ERROR :: Command '/usr/bin/time -v ./bin/project -m projectV4 -i /tmp/test.40m.txt -o /tmp/test.40m.sort.txt -k 5' timed out after 80 seconds
2019-03-24 22:31:25,864 :: root :: INFO :: ps -a -o pid,cmd | grep -P '([0-9]+) ./bin/project -m projectV.*' | awk '{print  $1}' | xargs -I{} kill -9 {}
2019-03-24 22:31:25,934 :: root :: INFO :: 0
2019-03-24 22:31:25,940 :: root :: INFO :: /usr/bin/time -v ./bin/project -m projectV4 -i /tmp/test.40m.txt -o /tmp/test.40m.sort.txt -k 6
2019-03-24 22:32:46,016 :: root :: ERROR :: Command '/usr/bin/time -v ./bin/project -m projectV4 -i /tmp/test.40m.txt -o /tmp/test.40m.sort.txt -k 6' timed out after 80 seconds
2019-03-24 22:32:46,016 :: root :: INFO :: ps -a -o pid,cmd | grep -P '([0-9]+) ./bin/project -m projectV.*' | awk '{print  $1}' | xargs -I{} kill -9 {}
2019-03-24 22:32:46,088 :: root :: INFO :: 0
2019-03-24 22:32:46,092 :: root :: INFO :: /usr/bin/time -v ./bin/project -m projectV4 -i /tmp/test.40m.txt -o /tmp/test.40m.sort.txt -k 7
2019-03-24 22:34:06,168 :: root :: ERROR :: Command '/usr/bin/time -v ./bin/project -m projectV4 -i /tmp/test.40m.txt -o /tmp/test.40m.sort.txt -k 7' timed out after 80 seconds
2019-03-24 22:34:06,168 :: root :: INFO :: ps -a -o pid,cmd | grep -P '([0-9]+) ./bin/project -m projectV.*' | awk '{print  $1}' | xargs -I{} kill -9 {}
2019-03-24 22:34:06,247 :: root :: INFO :: 0
2019-03-24 22:34:06,255 :: root :: INFO :: /usr/bin/time -v ./bin/project -m projectV4 -i /tmp/test.40m.txt -o /tmp/test.40m.sort.txt -k 8
2019-03-24 22:35:26,332 :: root :: ERROR :: Command '/usr/bin/time -v ./bin/project -m projectV4 -i /tmp/test.40m.txt -o /tmp/test.40m.sort.txt -k 8' timed out after 80 seconds
2019-03-24 22:35:26,332 :: root :: INFO :: ps -a -o pid,cmd | grep -P '([0-9]+) ./bin/project -m projectV.*' | awk '{print  $1}' | xargs -I{} kill -9 {}
2019-03-24 22:35:26,434 :: root :: INFO :: 0
2019-03-24 22:35:26,440 :: root :: INFO :: /usr/bin/time -v ./bin/project -m projectV4 -i /tmp/test.40m.txt -o /tmp/test.40m.sort.txt -k 9
2019-03-24 22:36:46,512 :: root :: ERROR :: Command '/usr/bin/time -v ./bin/project -m projectV4 -i /tmp/test.40m.txt -o /tmp/test.40m.sort.txt -k 9' timed out after 80 seconds
2019-03-24 22:36:46,512 :: root :: INFO :: ps -a -o pid,cmd | grep -P '([0-9]+) ./bin/project -m projectV.*' | awk '{print  $1}' | xargs -I{} kill -9 {}
2019-03-24 22:36:46,586 :: root :: INFO :: 0
2019-03-24 22:36:46,592 :: root :: INFO :: /usr/bin/time -v ./bin/project -m projectV4 -i /tmp/test.40m.txt -o /tmp/test.40m.sort.txt -k 10
2019-03-24 22:38:06,668 :: root :: ERROR :: Command '/usr/bin/time -v ./bin/project -m projectV4 -i /tmp/test.40m.txt -o /tmp/test.40m.sort.txt -k 10' timed out after 80 seconds
2019-03-24 22:38:06,668 :: root :: INFO :: ps -a -o pid,cmd | grep -P '([0-9]+) ./bin/project -m projectV.*' | awk '{print  $1}' | xargs -I{} kill -9 {}
2019-03-24 22:38:06,762 :: root :: INFO :: 0
2019-03-24 22:38:06,770 :: root :: INFO :: /usr/bin/time -v ./bin/project -m projectV4 -i /tmp/test.30m.txt -o /tmp/test.30m.sort.txt -k 1
2019-03-24 22:39:26,842 :: root :: ERROR :: Command '/usr/bin/time -v ./bin/project -m projectV4 -i /tmp/test.30m.txt -o /tmp/test.30m.sort.txt -k 1' timed out after 80 seconds
2019-03-24 22:39:26,843 :: root :: INFO :: ps -a -o pid,cmd | grep -P '([0-9]+) ./bin/project -m projectV.*' | awk '{print  $1}' | xargs -I{} kill -9 {}
2019-03-24 22:39:26,854 :: root :: INFO :: 0
2019-03-24 22:39:26,860 :: root :: INFO :: /usr/bin/time -v ./bin/project -m projectV4 -i /tmp/test.30m.txt -o /tmp/test.30m.sort.txt -k 2
2019-03-24 22:40:46,938 :: root :: ERROR :: Command '/usr/bin/time -v ./bin/project -m projectV4 -i /tmp/test.30m.txt -o /tmp/test.30m.sort.txt -k 2' timed out after 80 seconds
2019-03-24 22:40:46,938 :: root :: INFO :: ps -a -o pid,cmd | grep -P '([0-9]+) ./bin/project -m projectV.*' | awk '{print  $1}' | xargs -I{} kill -9 {}
2019-03-24 22:40:46,953 :: root :: INFO :: 0
2019-03-24 22:40:46,958 :: root :: INFO :: /usr/bin/time -v ./bin/project -m projectV4 -i /tmp/test.30m.txt -o /tmp/test.30m.sort.txt -k 3
2019-03-24 22:42:07,036 :: root :: ERROR :: Command '/usr/bin/time -v ./bin/project -m projectV4 -i /tmp/test.30m.txt -o /tmp/test.30m.sort.txt -k 3' timed out after 80 seconds
2019-03-24 22:42:07,036 :: root :: INFO :: ps -a -o pid,cmd | grep -P '([0-9]+) ./bin/project -m projectV.*' | awk '{print  $1}' | xargs -I{} kill -9 {}
2019-03-24 22:42:07,053 :: root :: INFO :: 0
2019-03-24 22:42:07,058 :: root :: INFO :: /usr/bin/time -v ./bin/project -m projectV4 -i /tmp/test.30m.txt -o /tmp/test.30m.sort.txt -k 4
2019-03-24 22:43:27,136 :: root :: ERROR :: Command '/usr/bin/time -v ./bin/project -m projectV4 -i /tmp/test.30m.txt -o /tmp/test.30m.sort.txt -k 4' timed out after 80 seconds
2019-03-24 22:43:27,136 :: root :: INFO :: ps -a -o pid,cmd | grep -P '([0-9]+) ./bin/project -m projectV.*' | awk '{print  $1}' | xargs -I{} kill -9 {}
2019-03-24 22:43:27,190 :: root :: INFO :: 0
2019-03-24 22:43:27,195 :: root :: INFO :: /usr/bin/time -v ./bin/project -m projectV4 -i /tmp/test.30m.txt -o /tmp/test.30m.sort.txt -k 5
2019-03-24 22:44:47,272 :: root :: ERROR :: Command '/usr/bin/time -v ./bin/project -m projectV4 -i /tmp/test.30m.txt -o /tmp/test.30m.sort.txt -k 5' timed out after 80 seconds
2019-03-24 22:44:47,272 :: root :: INFO :: ps -a -o pid,cmd | grep -P '([0-9]+) ./bin/project -m projectV.*' | awk '{print  $1}' | xargs -I{} kill -9 {}
2019-03-24 22:44:47,358 :: root :: INFO :: 0
2019-03-24 22:44:47,363 :: root :: INFO :: /usr/bin/time -v ./bin/project -m projectV4 -i /tmp/test.30m.txt -o /tmp/test.30m.sort.txt -k 6
2019-03-24 22:46:07,440 :: root :: ERROR :: Command '/usr/bin/time -v ./bin/project -m projectV4 -i /tmp/test.30m.txt -o /tmp/test.30m.sort.txt -k 6' timed out after 80 seconds
2019-03-24 22:46:07,440 :: root :: INFO :: ps -a -o pid,cmd | grep -P '([0-9]+) ./bin/project -m projectV.*' | awk '{print  $1}' | xargs -I{} kill -9 {}
2019-03-24 22:46:07,506 :: root :: INFO :: 0
2019-03-24 22:46:07,511 :: root :: INFO :: /usr/bin/time -v ./bin/project -m projectV4 -i /tmp/test.30m.txt -o /tmp/test.30m.sort.txt -k 7
2019-03-24 22:47:27,588 :: root :: ERROR :: Command '/usr/bin/time -v ./bin/project -m projectV4 -i /tmp/test.30m.txt -o /tmp/test.30m.sort.txt -k 7' timed out after 80 seconds
2019-03-24 22:47:27,588 :: root :: INFO :: ps -a -o pid,cmd | grep -P '([0-9]+) ./bin/project -m projectV.*' | awk '{print  $1}' | xargs -I{} kill -9 {}
2019-03-24 22:47:27,666 :: root :: INFO :: 0
2019-03-24 22:47:27,671 :: root :: INFO :: /usr/bin/time -v ./bin/project -m projectV4 -i /tmp/test.30m.txt -o /tmp/test.30m.sort.txt -k 8
2019-03-24 22:48:47,748 :: root :: ERROR :: Command '/usr/bin/time -v ./bin/project -m projectV4 -i /tmp/test.30m.txt -o /tmp/test.30m.sort.txt -k 8' timed out after 80 seconds
2019-03-24 22:48:47,748 :: root :: INFO :: ps -a -o pid,cmd | grep -P '([0-9]+) ./bin/project -m projectV.*' | awk '{print  $1}' | xargs -I{} kill -9 {}
2019-03-24 22:48:47,837 :: root :: INFO :: 0
2019-03-24 22:48:47,842 :: root :: INFO :: /usr/bin/time -v ./bin/project -m projectV4 -i /tmp/test.30m.txt -o /tmp/test.30m.sort.txt -k 9
2019-03-24 22:50:07,920 :: root :: ERROR :: Command '/usr/bin/time -v ./bin/project -m projectV4 -i /tmp/test.30m.txt -o /tmp/test.30m.sort.txt -k 9' timed out after 80 seconds
2019-03-24 22:50:07,920 :: root :: INFO :: ps -a -o pid,cmd | grep -P '([0-9]+) ./bin/project -m projectV.*' | awk '{print  $1}' | xargs -I{} kill -9 {}
2019-03-24 22:50:08,018 :: root :: INFO :: 0
2019-03-24 22:50:08,023 :: root :: INFO :: /usr/bin/time -v ./bin/project -m projectV4 -i /tmp/test.30m.txt -o /tmp/test.30m.sort.txt -k 10
2019-03-24 22:51:28,100 :: root :: ERROR :: Command '/usr/bin/time -v ./bin/project -m projectV4 -i /tmp/test.30m.txt -o /tmp/test.30m.sort.txt -k 10' timed out after 80 seconds
2019-03-24 22:51:28,100 :: root :: INFO :: ps -a -o pid,cmd | grep -P '([0-9]+) ./bin/project -m projectV.*' | awk '{print  $1}' | xargs -I{} kill -9 {}
2019-03-24 22:51:28,186 :: root :: INFO :: 0
2019-03-24 22:51:28,191 :: root :: INFO :: /usr/bin/time -v ./bin/project -m projectV4 -i /tmp/test.20m.txt -o /tmp/test.20m.sort.txt -k 1
2019-03-24 22:52:48,230 :: root :: ERROR :: Command '/usr/bin/time -v ./bin/project -m projectV4 -i /tmp/test.20m.txt -o /tmp/test.20m.sort.txt -k 1' timed out after 80 seconds
2019-03-24 22:52:48,230 :: root :: INFO :: ps -a -o pid,cmd | grep -P '([0-9]+) ./bin/project -m projectV.*' | awk '{print  $1}' | xargs -I{} kill -9 {}
2019-03-24 22:52:48,244 :: root :: INFO :: 0
2019-03-24 22:52:48,248 :: root :: INFO :: /usr/bin/time -v ./bin/project -m projectV4 -i /tmp/test.20m.txt -o /tmp/test.20m.sort.txt -k 2
2019-03-24 22:54:08,324 :: root :: ERROR :: Command '/usr/bin/time -v ./bin/project -m projectV4 -i /tmp/test.20m.txt -o /tmp/test.20m.sort.txt -k 2' timed out after 80 seconds
2019-03-24 22:54:08,324 :: root :: INFO :: ps -a -o pid,cmd | grep -P '([0-9]+) ./bin/project -m projectV.*' | awk '{print  $1}' | xargs -I{} kill -9 {}
2019-03-24 22:54:08,339 :: root :: INFO :: 0
2019-03-24 22:54:08,343 :: root :: INFO :: /usr/bin/time -v ./bin/project -m projectV4 -i /tmp/test.20m.txt -o /tmp/test.20m.sort.txt -k 3
2019-03-24 22:55:28,420 :: root :: ERROR :: Command '/usr/bin/time -v ./bin/project -m projectV4 -i /tmp/test.20m.txt -o /tmp/test.20m.sort.txt -k 3' timed out after 80 seconds
2019-03-24 22:55:28,420 :: root :: INFO :: ps -a -o pid,cmd | grep -P '([0-9]+) ./bin/project -m projectV.*' | awk '{print  $1}' | xargs -I{} kill -9 {}
2019-03-24 22:55:28,439 :: root :: INFO :: 0
2019-03-24 22:55:28,445 :: root :: INFO :: /usr/bin/time -v ./bin/project -m projectV4 -i /tmp/test.20m.txt -o /tmp/test.20m.sort.txt -k 4
2019-03-24 22:56:48,520 :: root :: ERROR :: Command '/usr/bin/time -v ./bin/project -m projectV4 -i /tmp/test.20m.txt -o /tmp/test.20m.sort.txt -k 4' timed out after 80 seconds
2019-03-24 22:56:48,520 :: root :: INFO :: ps -a -o pid,cmd | grep -P '([0-9]+) ./bin/project -m projectV.*' | awk '{print  $1}' | xargs -I{} kill -9 {}
2019-03-24 22:56:48,594 :: root :: INFO :: 0
2019-03-24 22:56:48,597 :: root :: INFO :: /usr/bin/time -v ./bin/project -m projectV4 -i /tmp/test.20m.txt -o /tmp/test.20m.sort.txt -k 5
2019-03-24 22:58:08,676 :: root :: ERROR :: Command '/usr/bin/time -v ./bin/project -m projectV4 -i /tmp/test.20m.txt -o /tmp/test.20m.sort.txt -k 5' timed out after 80 seconds
2019-03-24 22:58:08,676 :: root :: INFO :: ps -a -o pid,cmd | grep -P '([0-9]+) ./bin/project -m projectV.*' | awk '{print  $1}' | xargs -I{} kill -9 {}
2019-03-24 22:58:08,758 :: root :: INFO :: 0
2019-03-24 22:58:08,762 :: root :: INFO :: /usr/bin/time -v ./bin/project -m projectV4 -i /tmp/test.20m.txt -o /tmp/test.20m.sort.txt -k 6
2019-03-24 22:59:28,840 :: root :: ERROR :: Command '/usr/bin/time -v ./bin/project -m projectV4 -i /tmp/test.20m.txt -o /tmp/test.20m.sort.txt -k 6' timed out after 80 seconds
2019-03-24 22:59:28,840 :: root :: INFO :: ps -a -o pid,cmd | grep -P '([0-9]+) ./bin/project -m projectV.*' | awk '{print  $1}' | xargs -I{} kill -9 {}
2019-03-24 22:59:28,918 :: root :: INFO :: 0
2019-03-24 22:59:28,921 :: root :: INFO :: /usr/bin/time -v ./bin/project -m projectV4 -i /tmp/test.20m.txt -o /tmp/test.20m.sort.txt -k 7
2019-03-24 23:00:49,000 :: root :: ERROR :: Command '/usr/bin/time -v ./bin/project -m projectV4 -i /tmp/test.20m.txt -o /tmp/test.20m.sort.txt -k 7' timed out after 80 seconds
2019-03-24 23:00:49,000 :: root :: INFO :: ps -a -o pid,cmd | grep -P '([0-9]+) ./bin/project -m projectV.*' | awk '{print  $1}' | xargs -I{} kill -9 {}
2019-03-24 23:00:49,078 :: root :: INFO :: 0
2019-03-24 23:00:49,081 :: root :: INFO :: /usr/bin/time -v ./bin/project -m projectV4 -i /tmp/test.20m.txt -o /tmp/test.20m.sort.txt -k 8
2019-03-24 23:02:09,160 :: root :: ERROR :: Command '/usr/bin/time -v ./bin/project -m projectV4 -i /tmp/test.20m.txt -o /tmp/test.20m.sort.txt -k 8' timed out after 80 seconds
2019-03-24 23:02:09,160 :: root :: INFO :: ps -a -o pid,cmd | grep -P '([0-9]+) ./bin/project -m projectV.*' | awk '{print  $1}' | xargs -I{} kill -9 {}
2019-03-24 23:02:09,239 :: root :: INFO :: 0
2019-03-24 23:02:09,243 :: root :: INFO :: /usr/bin/time -v ./bin/project -m projectV4 -i /tmp/test.20m.txt -o /tmp/test.20m.sort.txt -k 9
2019-03-24 23:03:29,320 :: root :: ERROR :: Command '/usr/bin/time -v ./bin/project -m projectV4 -i /tmp/test.20m.txt -o /tmp/test.20m.sort.txt -k 9' timed out after 80 seconds
2019-03-24 23:03:29,320 :: root :: INFO :: ps -a -o pid,cmd | grep -P '([0-9]+) ./bin/project -m projectV.*' | awk '{print  $1}' | xargs -I{} kill -9 {}
2019-03-24 23:03:29,398 :: root :: INFO :: 0
2019-03-24 23:03:29,402 :: root :: INFO :: /usr/bin/time -v ./bin/project -m projectV4 -i /tmp/test.20m.txt -o /tmp/test.20m.sort.txt -k 10
2019-03-24 23:04:49,480 :: root :: ERROR :: Command '/usr/bin/time -v ./bin/project -m projectV4 -i /tmp/test.20m.txt -o /tmp/test.20m.sort.txt -k 10' timed out after 80 seconds
2019-03-24 23:04:49,480 :: root :: INFO :: ps -a -o pid,cmd | grep -P '([0-9]+) ./bin/project -m projectV.*' | awk '{print  $1}' | xargs -I{} kill -9 {}
2019-03-24 23:04:49,585 :: root :: INFO :: 0
